<?xml version="1.0" encoding="UTF-8"?>
<!-- Generated by org.testng.reporters.JUnitReportReporter -->
<testsuite hostname="LAPTOP-D9L8LA8N" failures="0" tests="30" name="stepdefin.TestLinkASteps" time="2039.031" errors="0" timestamp="2024-06-22T16:44:10 IST" skipped="0">
  <testcase classname="stepdefin.TestLinkASteps" name="testLinkB" time="102.552"/>
  <system-out/>
  <testcase classname="stepdefin.TestLinkASteps" name="testLinkB" time="105.267"/>
  <system-out/>
  <testcase classname="stepdefin.TestLinkASteps" name="testLinkD" time="43.605"/>
  <system-out/>
  <testcase classname="stepdefin.TestLinkASteps" name="testLinkA" time="82.333"/>
  <system-out/>
  <testcase classname="stepdefin.TestLinkASteps" name="testLinkD" time="64.585"/>
  <system-out/>
  <testcase classname="stepdefin.TestLinkASteps" name="testLinkC" time="41.057"/>
  <system-out/>
  <testcase classname="stepdefin.TestLinkASteps" name="testLinkE" time="45.928"/>
  <system-out/>
  <testcase classname="stepdefin.TestLinkASteps" name="testLinkA" time="61.615"/>
  <system-out/>
  <testcase classname="stepdefin.TestLinkASteps" name="testLinkB" time="107.583"/>
  <system-out/>
  <testcase classname="stepdefin.TestLinkASteps" name="testLinkD" time="49.784"/>
  <system-out/>
  <testcase classname="stepdefin.TestLinkASteps" name="testLinkC" time="101.124"/>
  <system-out/>
  <testcase classname="stepdefin.TestLinkASteps" name="testLinkA" time="55.688"/>
  <system-out/>
  <testcase classname="stepdefin.TestLinkASteps" name="testLinkD" time="40.462"/>
  <system-out/>
  <testcase classname="stepdefin.TestLinkASteps" name="testLinkA" time="66.129"/>
  <system-out/>
  <testcase classname="stepdefin.TestLinkASteps" name="testLinkC" time="126.960"/>
  <system-out/>
  <testcase classname="stepdefin.TestLinkASteps" name="testLinkB" time="109.351"/>
  <system-out/>
  <testcase classname="stepdefin.TestLinkASteps" name="testLinkC" time="56.276"/>
  <system-out/>
  <testcase classname="stepdefin.TestLinkASteps" name="testLinkC" time="32.815"/>
  <system-out/>
  <testcase classname="stepdefin.TestLinkASteps" name="testLinkB" time="104.586"/>
  <system-out/>
  <testcase classname="stepdefin.TestLinkASteps" name="testLinkD" time="37.947"/>
  <system-out/>
  <testcase classname="stepdefin.TestLinkASteps" name="testLinkE" time="52.746"/>
  <system-out/>
  <testcase classname="stepdefin.TestLinkASteps" name="testLinkA" time="67.831"/>
  <system-out/>
  <testcase classname="stepdefin.TestLinkASteps" name="testLinkD" time="45.258"/>
  <system-out/>
  <testcase classname="stepdefin.TestLinkASteps" name="testLinkB" time="119.420"/>
  <system-out/>
  <testcase classname="stepdefin.TestLinkASteps" name="testLinkE" time="41.569"/>
  <system-out/>
  <testcase classname="stepdefin.TestLinkASteps" name="testLinkC" time="37.554"/>
  <system-out/>
  <testcase classname="stepdefin.TestLinkASteps" name="testLinkE" time="65.929"/>
  <system-out/>
  <testcase classname="stepdefin.TestLinkASteps" name="testLinkE" time="67.199"/>
  <system-out/>
  <testcase classname="stepdefin.TestLinkASteps" name="testLinkE" time="48.655"/>
  <system-out/>
  <testcase classname="stepdefin.TestLinkASteps" name="testLinkA" time="57.223"/>
  <system-out/>
</testsuite> <!-- stepdefin.TestLinkASteps -->
